2025-01-06 17:47:32,900 INFO o.a.j.u.JMeterUtils: Setting Locale to en_EN
2025-01-06 17:47:32,913 INFO o.a.j.JMeter: Loading user properties from: /opt/jmeter/bin/user.properties
2025-01-06 17:47:32,913 INFO o.a.j.JMeter: Loading system properties from: /opt/jmeter/bin/system.properties
2025-01-06 17:47:32,913 INFO o.a.j.JMeter: Setting System property: server_port=1099
2025-01-06 17:47:32,914 INFO o.a.j.JMeter: Setting System property: server_port=1099
2025-01-06 17:47:32,914 INFO o.a.j.JMeter: Setting System property: java.rmi.server.hostname=127.0.0.1
2025-01-06 17:47:32,914 INFO o.a.j.JMeter: Setting System property: server.rmi.localport=1100
2025-01-06 17:47:32,914 INFO o.a.j.JMeter: Setting System property: server.rmi.port=1099
2025-01-06 17:47:32,916 INFO o.a.j.JMeter: Copyright (c) 1998-2024 The Apache Software Foundation
2025-01-06 17:47:32,916 INFO o.a.j.JMeter: Version 5.6.3
2025-01-06 17:47:32,916 INFO o.a.j.JMeter: java.version=11.0.25
2025-01-06 17:47:32,917 INFO o.a.j.JMeter: java.vm.name=OpenJDK 64-Bit Server VM
2025-01-06 17:47:32,917 INFO o.a.j.JMeter: os.name=Linux
2025-01-06 17:47:32,917 INFO o.a.j.JMeter: os.arch=amd64
2025-01-06 17:47:32,917 INFO o.a.j.JMeter: os.version=6.8.0-49-generic
2025-01-06 17:47:32,917 INFO o.a.j.JMeter: file.encoding=UTF-8
2025-01-06 17:47:32,917 INFO o.a.j.JMeter: java.awt.headless=true
2025-01-06 17:47:32,917 INFO o.a.j.JMeter: Max memory     =1073741824
2025-01-06 17:47:32,917 INFO o.a.j.JMeter: Available Processors =20
2025-01-06 17:47:32,921 INFO o.a.j.JMeter: Default Locale=English (EN)
2025-01-06 17:47:32,921 INFO o.a.j.JMeter: JMeter  Locale=English (EN)
2025-01-06 17:47:32,921 INFO o.a.j.JMeter: JMeterHome=/opt/jmeter
2025-01-06 17:47:32,921 INFO o.a.j.JMeter: user.dir  =/home/nashtech/VSProjects/jmeter-distributed-system
2025-01-06 17:47:32,921 INFO o.a.j.JMeter: PWD       =/home/nashtech/VSProjects/jmeter-distributed-system
2025-01-06 17:47:33,026 INFO o.a.j.JMeter: IP: 192.168.1.12 Name: INL-96MGNX3 FullName: INL-96MGNX3
2025-01-06 17:47:33,048 INFO o.a.j.r.RmiUtils: Resolving by name the value of System property 'java.rmi.server.hostname': 127.0.0.1
2025-01-06 17:47:33,048 INFO o.a.j.r.RmiUtils: Local IP address=127.0.0.1
2025-01-06 17:47:33,057 ERROR o.a.j.JMeter: Giving up, as server failed with:
java.rmi.server.ExportException: Listen failed on port: 1099; nested exception is: 
	java.io.FileNotFoundException: rmi_keystore.jks (No such file or directory)
	at java.rmi/sun.rmi.transport.tcp.TCPTransport.listen(TCPTransport.java:337) ~[?:?]
	at java.rmi/sun.rmi.transport.tcp.TCPTransport.exportObject(TCPTransport.java:243) ~[?:?]
	at java.rmi/sun.rmi.transport.tcp.TCPEndpoint.exportObject(TCPEndpoint.java:412) ~[?:?]
	at java.rmi/sun.rmi.transport.LiveRef.exportObject(LiveRef.java:147) ~[?:?]
	at java.rmi/sun.rmi.server.UnicastServerRef.exportObject(UnicastServerRef.java:234) ~[?:?]
	at java.rmi/java.rmi.server.UnicastRemoteObject.exportObject(UnicastRemoteObject.java:470) ~[?:?]
	at java.rmi/java.rmi.server.UnicastRemoteObject.exportObject(UnicastRemoteObject.java:381) ~[?:?]
	at java.rmi/java.rmi.server.UnicastRemoteObject.<init>(UnicastRemoteObject.java:260) ~[?:?]
	at org.apache.jmeter.engine.RemoteJMeterEngineImpl.<init>(RemoteJMeterEngineImpl.java:68) ~[ApacheJMeter_core.jar:5.6.3]
	at org.apache.jmeter.engine.RemoteJMeterEngineImpl.startServer(RemoteJMeterEngineImpl.java:74) ~[ApacheJMeter_core.jar:5.6.3]
	at org.apache.jmeter.JMeter.start(JMeter.java:464) [ApacheJMeter_core.jar:5.6.3]
	at java.base/jdk.internal.reflect.NativeMethodAccessorImpl.invoke0(Native Method) ~[?:?]
	at java.base/jdk.internal.reflect.NativeMethodAccessorImpl.invoke(NativeMethodAccessorImpl.java:62) ~[?:?]
	at java.base/jdk.internal.reflect.DelegatingMethodAccessorImpl.invoke(DelegatingMethodAccessorImpl.java:43) ~[?:?]
	at java.base/java.lang.reflect.Method.invoke(Method.java:566) ~[?:?]
	at org.apache.jmeter.NewDriver.main(NewDriver.java:259) [ApacheJMeter.jar:5.6.3]
Caused by: java.io.FileNotFoundException: rmi_keystore.jks (No such file or directory)
	at java.base/java.io.FileInputStream.open0(Native Method) ~[?:?]
	at java.base/java.io.FileInputStream.open(FileInputStream.java:219) ~[?:?]
	at java.base/java.io.FileInputStream.<init>(FileInputStream.java:157) ~[?:?]
	at java.base/java.io.FileInputStream.<init>(FileInputStream.java:112) ~[?:?]
	at org.apache.jmeter.rmi.SSLRMIServerSocketFactory.loadStore(SSLRMIServerSocketFactory.java:147) ~[ApacheJMeter_core.jar:5.6.3]
	at org.apache.jmeter.rmi.SSLRMIServerSocketFactory.createServerSocket(SSLRMIServerSocketFactory.java:99) ~[ApacheJMeter_core.jar:5.6.3]
	at java.rmi/sun.rmi.transport.tcp.TCPEndpoint.newServerSocket(TCPEndpoint.java:670) ~[?:?]
	at java.rmi/sun.rmi.transport.tcp.TCPTransport.listen(TCPTransport.java:324) ~[?:?]
	... 15 more
2025-01-06 17:47:33,063 ERROR o.a.j.JMeter: An error occurred: 
java.rmi.server.ExportException: Listen failed on port: 1099; nested exception is: 
	java.io.FileNotFoundException: rmi_keystore.jks (No such file or directory)
	at java.rmi/sun.rmi.transport.tcp.TCPTransport.listen(TCPTransport.java:337) ~[?:?]
	at java.rmi/sun.rmi.transport.tcp.TCPTransport.exportObject(TCPTransport.java:243) ~[?:?]
	at java.rmi/sun.rmi.transport.tcp.TCPEndpoint.exportObject(TCPEndpoint.java:412) ~[?:?]
	at java.rmi/sun.rmi.transport.LiveRef.exportObject(LiveRef.java:147) ~[?:?]
	at java.rmi/sun.rmi.server.UnicastServerRef.exportObject(UnicastServerRef.java:234) ~[?:?]
	at java.rmi/java.rmi.server.UnicastRemoteObject.exportObject(UnicastRemoteObject.java:470) ~[?:?]
	at java.rmi/java.rmi.server.UnicastRemoteObject.exportObject(UnicastRemoteObject.java:381) ~[?:?]
	at java.rmi/java.rmi.server.UnicastRemoteObject.<init>(UnicastRemoteObject.java:260) ~[?:?]
	at org.apache.jmeter.engine.RemoteJMeterEngineImpl.<init>(RemoteJMeterEngineImpl.java:68) ~[ApacheJMeter_core.jar:5.6.3]
	at org.apache.jmeter.engine.RemoteJMeterEngineImpl.startServer(RemoteJMeterEngineImpl.java:74) ~[ApacheJMeter_core.jar:5.6.3]
	at org.apache.jmeter.JMeter.start(JMeter.java:464) [ApacheJMeter_core.jar:5.6.3]
	at java.base/jdk.internal.reflect.NativeMethodAccessorImpl.invoke0(Native Method) ~[?:?]
	at java.base/jdk.internal.reflect.NativeMethodAccessorImpl.invoke(NativeMethodAccessorImpl.java:62) ~[?:?]
	at java.base/jdk.internal.reflect.DelegatingMethodAccessorImpl.invoke(DelegatingMethodAccessorImpl.java:43) ~[?:?]
	at java.base/java.lang.reflect.Method.invoke(Method.java:566) ~[?:?]
	at org.apache.jmeter.NewDriver.main(NewDriver.java:259) [ApacheJMeter.jar:5.6.3]
Caused by: java.io.FileNotFoundException: rmi_keystore.jks (No such file or directory)
	at java.base/java.io.FileInputStream.open0(Native Method) ~[?:?]
	at java.base/java.io.FileInputStream.open(FileInputStream.java:219) ~[?:?]
	at java.base/java.io.FileInputStream.<init>(FileInputStream.java:157) ~[?:?]
	at java.base/java.io.FileInputStream.<init>(FileInputStream.java:112) ~[?:?]
	at org.apache.jmeter.rmi.SSLRMIServerSocketFactory.loadStore(SSLRMIServerSocketFactory.java:147) ~[ApacheJMeter_core.jar:5.6.3]
	at org.apache.jmeter.rmi.SSLRMIServerSocketFactory.createServerSocket(SSLRMIServerSocketFactory.java:99) ~[ApacheJMeter_core.jar:5.6.3]
	at java.rmi/sun.rmi.transport.tcp.TCPEndpoint.newServerSocket(TCPEndpoint.java:670) ~[?:?]
	at java.rmi/sun.rmi.transport.tcp.TCPTransport.listen(TCPTransport.java:324) ~[?:?]
	... 15 more
